<?xml version="1.0" encoding="UTF-8"?>
<beans xmlns="http://www.springframework.org/schema/beans"
    xmlns:xsi="http://www.w3.org/2001/XMLSchema-instance"
    xmlns:context="http://www.springframework.org/schema/context"
    xsi:schemaLocation="
        http://www.springframework.org/schema/beans
        http://www.springframework.org/schema/beans/spring-beans.xsd
        http://www.springframework.org/schema/context
        http://www.springframework.org/schema/context/spring-context.xsd">
        <bean class="org.springframework.remoting.rmi.RmiServiceExporter">
			<!-- does not necessarily have to be the same name as the bean to be exported -->
			<property name="serviceName" value="UserService"/>
			<property name="service" value="#{userServiceImpl}"/>
			<property name="serviceInterface" value="com.dm.app.service.UserService"/>
			<!-- defaults to 1099 -->
			<property name="registryPort" value="1199"/>
			</bean>
       </beans>